<?xml version="1.0" encoding="UTF-8"?>
<!-- Generated by org.testng.reporters.JUnitReportReporter -->
<testsuite hostname="Srikant-Pandey" name="Copy.Tc1" tests="3" failures="0" timestamp="15 Oct 2018 06:22:39 GMT" time="0.020" errors="0">
  <testcase name="TestFlow2" time="0.002" classname="Copy.Tc1"/>
  <testcase name="TestFlow3" time="0.012" classname="Copy.Tc1"/>
  <testcase name="TestFlow1" time="0.006" classname="Copy.Tc1"/>
</testsuite> <!-- Copy.Tc1 -->
